Using pre-set license
Built from '2020.3/staging' branch; Version is '2020.3.10f1 (297d780c91bc) revision 2719096'; Using compiler version '192528614'; Build Type 'Release'
OS: 'Windows 10 Pro; OS build 19042.985; Version 2009; 64bit' Language: 'en' Physical Memory: 16326 MB
BatchMode: 1, IsHumanControllingUs: 0, StartBugReporterOnCrash: 0, Is64bit: 1, IsPro: 0

 COMMAND LINE ARGUMENTS:
G:\Unity\2020.3.10f1\Editor\Unity.exe
-adb2
-batchMode
-noUpm
-name
AssetImportWorker0
-projectPath
G:/Users/Andrew/projects/GIT Projects/3DRunner1/3DRunner1
-logFile
Logs/AssetImportWorker0.log
-srvPort
55655
Successfully changed project path to: G:/Users/Andrew/projects/GIT Projects/3DRunner1/3DRunner1
G:/Users/Andrew/projects/GIT Projects/3DRunner1/3DRunner1
Using Asset Import Pipeline V2.
Refreshing native plugins compatible for Editor in 54.64 ms, found 2 plugins.
Preloading 0 native plugins for Editor in 0.00 ms.
Initialize engine version: 2020.3.10f1 (297d780c91bc)
[Subsystems] Discovering subsystems at path G:/Unity/2020.3.10f1/Editor/Data/Resources/UnitySubsystems
[Subsystems] Discovering subsystems at path G:/Users/Andrew/projects/GIT Projects/3DRunner1/3DRunner1/Assets
GfxDevice: creating device client; threaded=0
Direct3D:
    Version:  Direct3D 11.0 [level 11.1]
    Renderer: Radeon RX 570 Series (ID=0x67df)
    Vendor:   
    VRAM:     4075 MB
    Driver:   27.20.21003.8013
Shader 'Universal Render Pipeline/Particles/Lit': fallback shader 'Universal Render Pipeline/Particles/SimpleLit' not found
Initialize mono
Mono path[0] = 'G:/Unity/2020.3.10f1/Editor/Data/Managed'
Mono path[1] = 'G:/Unity/2020.3.10f1/Editor/Data/MonoBleedingEdge/lib/mono/unityjit'
Mono config path = 'G:/Unity/2020.3.10f1/Editor/Data/MonoBleedingEdge/etc'
Using monoOptions --debugger-agent=transport=dt_socket,embedding=1,server=y,suspend=n,address=127.0.0.1:56132
Begin MonoManager ReloadAssembly
Registering precompiled unity dll's ...
Register platform support module: G:/Unity/2020.3.10f1/Editor/Data/PlaybackEngines/WindowsStandaloneSupport/UnityEditor.WindowsStandalone.Extensions.dll
Registered in 0.001595 seconds.
Native extension for WindowsStandalone target not found
Refreshing native plugins compatible for Editor in 48.01 ms, found 2 plugins.
Preloading 0 native plugins for Editor in 0.00 ms.
Mono: successfully reloaded assembly
- Completed reload, in  2.816 seconds
Platform modules already initialized, skipping
Registering precompiled user dll's ...
Registered in 0.004757 seconds.
Begin MonoManager ReloadAssembly
Native extension for WindowsStandalone target not found
Refreshing native plugins compatible for Editor in 56.62 ms, found 2 plugins.
Preloading 0 native plugins for Editor in 0.00 ms.
Mono: successfully reloaded assembly
- Completed reload, in  1.185 seconds
Platform modules already initialized, skipping
========================================================================
Worker process is ready to serve import requests
Shader 'Universal Render Pipeline/Particles/Lit': fallback shader 'Universal Render Pipeline/Particles/SimpleLit' not found
Launched and connected shader compiler UnityShaderCompiler.exe after 0.06 seconds
Refreshing native plugins compatible for Editor in 0.50 ms, found 2 plugins.
Preloading 0 native plugins for Editor in 0.00 ms.
Unloading 2826 Unused Serialized files (Serialized files now loaded: 0)
System memory in use before: 130.0 MB.
System memory in use after: 129.9 MB.

Unloading 27 unused Assets to reduce memory usage. Loaded Objects now: 3261.
Total: 2.500000 ms (FindLiveObjects: 0.363400 ms CreateObjectMapping: 0.124100 ms MarkObjects: 1.845000 ms  DeleteObjects: 0.166400 ms)

========================================================================
Received Import Request.
  path: Assets/Prefabs/Prototype/SubLevels/Easy/b-s-b (1).prefab
  artifactKey: Guid(cbd52c71bd9090948a8c12f552bca85d) Importer(815301076,1909f56bfc062723c751e8b465ee728b)
Start importing Assets/Prefabs/Prototype/SubLevels/Easy/b-s-b (1).prefab using Guid(cbd52c71bd9090948a8c12f552bca85d) Importer(815301076,1909f56bfc062723c751e8b465ee728b)  -> (artifact id: 'e795c8c5b3b4811ef6a51e1f813ecb37') in 0.402454 seconds
  Import took 0.424801 seconds .

========================================================================
Received Prepare
Shader 'Universal Render Pipeline/Particles/Lit': fallback shader 'Universal Render Pipeline/Particles/SimpleLit' not found
Refreshing native plugins compatible for Editor in 3.18 ms, found 2 plugins.
Preloading 0 native plugins for Editor in 0.00 ms.
Unloading 20 Unused Serialized files (Serialized files now loaded: 0)
System memory in use before: 73.4 MB.
System memory in use after: 73.3 MB.

Unloading 20 unused Assets to reduce memory usage. Loaded Objects now: 3333.
Total: 3.533900 ms (FindLiveObjects: 0.230500 ms CreateObjectMapping: 0.124400 ms MarkObjects: 3.031200 ms  DeleteObjects: 0.146800 ms)

========================================================================
Received Import Request.
  Time since last request: 229.313018 seconds.
  path: Assets/Prefabs/Prototype/Platforms/Components
  artifactKey: Guid(e0713bf055592184bb247347a345af9b) Importer(815301076,1909f56bfc062723c751e8b465ee728b)
Start importing Assets/Prefabs/Prototype/Platforms/Components using Guid(e0713bf055592184bb247347a345af9b) Importer(815301076,1909f56bfc062723c751e8b465ee728b)  -> (artifact id: '8361b1cf8e24b27dcc14ff83e820190e') in 0.003769 seconds
  Import took 0.008008 seconds .

========================================================================
Received Import Request.
  Time since last request: 7.125920 seconds.
  path: Assets/Prefabs/Prototype/Platforms/Components/BlockerBlock.prefab
  artifactKey: Guid(8d57ec02aeaf9ad448bc24a8bd066274) Importer(815301076,1909f56bfc062723c751e8b465ee728b)
Start importing Assets/Prefabs/Prototype/Platforms/Components/BlockerBlock.prefab using Guid(8d57ec02aeaf9ad448bc24a8bd066274) Importer(815301076,1909f56bfc062723c751e8b465ee728b)  -> (artifact id: '94893a64c159db895576aa0b70f22d5e') in 0.018646 seconds
  Import took 0.023938 seconds .

========================================================================
Received Import Request.
  Time since last request: 76.159478 seconds.
  path: Assets/Prefabs/Prototype/Platforms/Components/Ramp1.prefab
  artifactKey: Guid(f3dac58c1be3e3c46ba1725670e9b799) Importer(815301076,1909f56bfc062723c751e8b465ee728b)
Start importing Assets/Prefabs/Prototype/Platforms/Components/Ramp1.prefab using Guid(f3dac58c1be3e3c46ba1725670e9b799) Importer(815301076,1909f56bfc062723c751e8b465ee728b)  -> (artifact id: 'dd327024ad3b4f1665a54be2fa7e7fe5') in 0.045109 seconds
  Import took 0.050012 seconds .

========================================================================
Received Import Request.
  Time since last request: 475.061366 seconds.
  path: Assets/Prefabs/Prototype/Platforms/Easy/Easy_4.prefab
  artifactKey: Guid(d2767938a64125f45b3f9f958a8101fc) Importer(815301076,1909f56bfc062723c751e8b465ee728b)
Start importing Assets/Prefabs/Prototype/Platforms/Easy/Easy_4.prefab using Guid(d2767938a64125f45b3f9f958a8101fc) Importer(815301076,1909f56bfc062723c751e8b465ee728b)  -> (artifact id: 'fb4b72c36f2a18df799f20e05319ed47') in 0.056085 seconds
  Import took 0.061758 seconds .

========================================================================
Received Import Request.
  Time since last request: 234.310167 seconds.
  path: Assets/Prefabs/Prototype/Platforms/Easy/Easy_4.prefab
  artifactKey: Guid(d2767938a64125f45b3f9f958a8101fc) Importer(815301076,1909f56bfc062723c751e8b465ee728b)
Start importing Assets/Prefabs/Prototype/Platforms/Easy/Easy_4.prefab using Guid(d2767938a64125f45b3f9f958a8101fc) Importer(815301076,1909f56bfc062723c751e8b465ee728b)  -> (artifact id: '2133ab1265b5c4b2f14d649fbcde11f7') in 0.050331 seconds
  Import took 0.055999 seconds .

========================================================================
Received Prepare
Registering precompiled user dll's ...
Registered in 0.004498 seconds.
Begin MonoManager ReloadAssembly
Native extension for WindowsStandalone target not found
Refreshing native plugins compatible for Editor in 0.50 ms, found 2 plugins.
Preloading 0 native plugins for Editor in 0.00 ms.
Mono: successfully reloaded assembly
- Completed reload, in  1.024 seconds
Platform modules already initialized, skipping
Switching build target platform(19) subTarget(0) extendedPlatform(0) -> platform(13) subTarget(537395200) extendedPlatform(0)
Shader 'Universal Render Pipeline/Particles/Lit': fallback shader 'Universal Render Pipeline/Particles/SimpleLit' not found
Refreshing native plugins compatible for Editor in 0.56 ms, found 2 plugins.
Preloading 0 native plugins for Editor in 0.00 ms.
Unloading 2709 Unused Serialized files (Serialized files now loaded: 0)
System memory in use before: 125.5 MB.
System memory in use after: 125.4 MB.

Unloading 22 unused Assets to reduce memory usage. Loaded Objects now: 3310.
Total: 2.555400 ms (FindLiveObjects: 0.234500 ms CreateObjectMapping: 0.128000 ms MarkObjects: 2.048600 ms  DeleteObjects: 0.143200 ms)

AssetImportParameters requested are different than current active one (requested -> active):
  custom:graphics/normal-map-encoding: 01000000000000000000000000000000 -> 02000000000000000000000000000000
========================================================================
Received Import Request.
  Time since last request: 196.383994 seconds.
  path: Assets/Prefabs/Prototype/Platforms/Easy/Easy_4.prefab
  artifactKey: Guid(d2767938a64125f45b3f9f958a8101fc) Importer(815301076,1909f56bfc062723c751e8b465ee728b)
Start importing Assets/Prefabs/Prototype/Platforms/Easy/Easy_4.prefab using Guid(d2767938a64125f45b3f9f958a8101fc) Importer(815301076,1909f56bfc062723c751e8b465ee728b)  -> (artifact id: '2787498eecf7742811391b3a05d0d42c') in 0.180927 seconds
  Import took 0.185702 seconds .

========================================================================
Received Prepare
Registering precompiled user dll's ...
Registered in 0.004385 seconds.
Begin MonoManager ReloadAssembly
Native extension for WindowsStandalone target not found
Refreshing native plugins compatible for Editor in 0.50 ms, found 2 plugins.
Preloading 0 native plugins for Editor in 0.00 ms.
Mono: successfully reloaded assembly
- Completed reload, in  1.004 seconds
Platform modules already initialized, skipping
Switching build target platform(19) subTarget(0) extendedPlatform(0) -> platform(13) subTarget(537395200) extendedPlatform(0)
Shader 'Universal Render Pipeline/Particles/Lit': fallback shader 'Universal Render Pipeline/Particles/SimpleLit' not found
Refreshing native plugins compatible for Editor in 0.52 ms, found 2 plugins.
Preloading 0 native plugins for Editor in 0.00 ms.
Unloading 2709 Unused Serialized files (Serialized files now loaded: 0)
System memory in use before: 125.6 MB.
System memory in use after: 125.5 MB.

Unloading 22 unused Assets to reduce memory usage. Loaded Objects now: 3349.
Total: 3.066800 ms (FindLiveObjects: 0.353000 ms CreateObjectMapping: 0.148500 ms MarkObjects: 2.383300 ms  DeleteObjects: 0.180300 ms)

AssetImportParameters requested are different than current active one (requested -> active):
  custom:graphics/normal-map-encoding: 01000000000000000000000000000000 -> 02000000000000000000000000000000
========================================================================
Received Import Request.
  Time since last request: 54.033803 seconds.
  path: Assets/Prefabs/Prototype/Platforms/Easy/Easy_4.prefab
  artifactKey: Guid(d2767938a64125f45b3f9f958a8101fc) Importer(815301076,1909f56bfc062723c751e8b465ee728b)
Start importing Assets/Prefabs/Prototype/Platforms/Easy/Easy_4.prefab using Guid(d2767938a64125f45b3f9f958a8101fc) Importer(815301076,1909f56bfc062723c751e8b465ee728b)  -> (artifact id: '46edcb28331b12f392de92e7e19b9c6c') in 0.218655 seconds
  Import took 0.223370 seconds .

========================================================================
Received Prepare
Registering precompiled user dll's ...
Registered in 0.004446 seconds.
Begin MonoManager ReloadAssembly
Native extension for WindowsStandalone target not found
Refreshing native plugins compatible for Editor in 0.52 ms, found 2 plugins.
Preloading 0 native plugins for Editor in 0.00 ms.
Mono: successfully reloaded assembly
- Completed reload, in  1.004 seconds
Platform modules already initialized, skipping
Switching build target platform(19) subTarget(0) extendedPlatform(0) -> platform(13) subTarget(537395200) extendedPlatform(0)
Shader 'Universal Render Pipeline/Particles/Lit': fallback shader 'Universal Render Pipeline/Particles/SimpleLit' not found
Refreshing native plugins compatible for Editor in 0.52 ms, found 2 plugins.
Preloading 0 native plugins for Editor in 0.00 ms.
Unloading 2709 Unused Serialized files (Serialized files now loaded: 0)
System memory in use before: 125.8 MB.
System memory in use after: 125.7 MB.

Unloading 22 unused Assets to reduce memory usage. Loaded Objects now: 3388.
Total: 2.758500 ms (FindLiveObjects: 0.261900 ms CreateObjectMapping: 0.137700 ms MarkObjects: 2.085500 ms  DeleteObjects: 0.272000 ms)

AssetImportParameters requested are different than current active one (requested -> active):
  custom:graphics/normal-map-encoding: 01000000000000000000000000000000 -> 02000000000000000000000000000000
========================================================================
Received Import Request.
  Time since last request: 27.434537 seconds.
  path: Assets/Prefabs/Prototype/Platforms/Easy/Easy_4.prefab
  artifactKey: Guid(d2767938a64125f45b3f9f958a8101fc) Importer(815301076,1909f56bfc062723c751e8b465ee728b)
Start importing Assets/Prefabs/Prototype/Platforms/Easy/Easy_4.prefab using Guid(d2767938a64125f45b3f9f958a8101fc) Importer(815301076,1909f56bfc062723c751e8b465ee728b)  -> (artifact id: 'b445c60668a4242e13302581130bf9f7') in 0.162798 seconds
  Import took 0.167801 seconds .

========================================================================
Received Prepare
Registering precompiled user dll's ...
Registered in 0.004846 seconds.
Begin MonoManager ReloadAssembly
Native extension for WindowsStandalone target not found
Refreshing native plugins compatible for Editor in 0.52 ms, found 2 plugins.
Preloading 0 native plugins for Editor in 0.00 ms.
Mono: successfully reloaded assembly
- Completed reload, in  1.008 seconds
Platform modules already initialized, skipping
Switching build target platform(19) subTarget(0) extendedPlatform(0) -> platform(13) subTarget(537395200) extendedPlatform(0)
Shader 'Universal Render Pipeline/Particles/Lit': fallback shader 'Universal Render Pipeline/Particles/SimpleLit' not found
Refreshing native plugins compatible for Editor in 0.54 ms, found 2 plugins.
Preloading 0 native plugins for Editor in 0.00 ms.
Unloading 2709 Unused Serialized files (Serialized files now loaded: 0)
System memory in use before: 125.9 MB.
System memory in use after: 125.8 MB.

Unloading 22 unused Assets to reduce memory usage. Loaded Objects now: 3427.
Total: 2.761000 ms (FindLiveObjects: 0.248800 ms CreateObjectMapping: 0.107000 ms MarkObjects: 2.054500 ms  DeleteObjects: 0.349600 ms)

AssetImportParameters requested are different than current active one (requested -> active):
  custom:graphics/normal-map-encoding: 01000000000000000000000000000000 -> 02000000000000000000000000000000
========================================================================
Received Import Request.
  Time since last request: 74.690277 seconds.
  path: Assets/Prefabs/Prototype/Platforms/Easy/Easy_4.prefab
  artifactKey: Guid(d2767938a64125f45b3f9f958a8101fc) Importer(815301076,1909f56bfc062723c751e8b465ee728b)
Start importing Assets/Prefabs/Prototype/Platforms/Easy/Easy_4.prefab using Guid(d2767938a64125f45b3f9f958a8101fc) Importer(815301076,1909f56bfc062723c751e8b465ee728b)  -> (artifact id: '22547fdd7a159e66ef041766de41d878') in 0.213774 seconds
  Import took 0.218781 seconds .

========================================================================
Received Prepare
Registering precompiled user dll's ...
Registered in 0.004628 seconds.
Begin MonoManager ReloadAssembly
Native extension for WindowsStandalone target not found
Refreshing native plugins compatible for Editor in 0.50 ms, found 2 plugins.
Preloading 0 native plugins for Editor in 0.00 ms.
Mono: successfully reloaded assembly
- Completed reload, in  0.981 seconds
Platform modules already initialized, skipping
Switching build target platform(19) subTarget(0) extendedPlatform(0) -> platform(13) subTarget(537395200) extendedPlatform(0)
Shader 'Universal Render Pipeline/Particles/Lit': fallback shader 'Universal Render Pipeline/Particles/SimpleLit' not found
Refreshing native plugins compatible for Editor in 0.51 ms, found 2 plugins.
Preloading 0 native plugins for Editor in 0.00 ms.
Unloading 2709 Unused Serialized files (Serialized files now loaded: 0)
System memory in use before: 126.1 MB.
System memory in use after: 125.9 MB.

Unloading 22 unused Assets to reduce memory usage. Loaded Objects now: 3466.
Total: 2.852900 ms (FindLiveObjects: 0.254500 ms CreateObjectMapping: 0.120200 ms MarkObjects: 2.320100 ms  DeleteObjects: 0.157200 ms)

AssetImportParameters requested are different than current active one (requested -> active):
  custom:graphics/normal-map-encoding: 01000000000000000000000000000000 -> 02000000000000000000000000000000
========================================================================
Received Import Request.
  Time since last request: 89.054754 seconds.
  path: Assets/Prefabs/Prototype/Platforms/Easy/Easy_4.prefab
  artifactKey: Guid(d2767938a64125f45b3f9f958a8101fc) Importer(815301076,1909f56bfc062723c751e8b465ee728b)
Start importing Assets/Prefabs/Prototype/Platforms/Easy/Easy_4.prefab using Guid(d2767938a64125f45b3f9f958a8101fc) Importer(815301076,1909f56bfc062723c751e8b465ee728b)  -> (artifact id: 'a9288e21b76b27ce16ba0297a943d332') in 0.226396 seconds
  Import took 0.231562 seconds .

========================================================================
Received Prepare
Registering precompiled user dll's ...
Registered in 0.004376 seconds.
Begin MonoManager ReloadAssembly
Native extension for WindowsStandalone target not found
Refreshing native plugins compatible for Editor in 0.50 ms, found 2 plugins.
Preloading 0 native plugins for Editor in 0.00 ms.
Mono: successfully reloaded assembly
- Completed reload, in  0.983 seconds
Platform modules already initialized, skipping
Switching build target platform(19) subTarget(0) extendedPlatform(0) -> platform(13) subTarget(537395200) extendedPlatform(0)
Shader 'Universal Render Pipeline/Particles/Lit': fallback shader 'Universal Render Pipeline/Particles/SimpleLit' not found
Refreshing native plugins compatible for Editor in 0.69 ms, found 2 plugins.
Preloading 0 native plugins for Editor in 0.00 ms.
Unloading 2709 Unused Serialized files (Serialized files now loaded: 0)
System memory in use before: 126.2 MB.
System memory in use after: 126.1 MB.

Unloading 22 unused Assets to reduce memory usage. Loaded Objects now: 3505.
Total: 2.486100 ms (FindLiveObjects: 0.252500 ms CreateObjectMapping: 0.119900 ms MarkObjects: 1.951500 ms  DeleteObjects: 0.161300 ms)

AssetImportParameters requested are different than current active one (requested -> active):
  custom:graphics/normal-map-encoding: 01000000000000000000000000000000 -> 02000000000000000000000000000000
========================================================================
Received Import Request.
  Time since last request: 192.843036 seconds.
  path: Assets/Prefabs/Prototype/Obstacles/OneLaneHigh.prefab
  artifactKey: Guid(f1e4e84d52c09b4489308816f90d5288) Importer(815301076,1909f56bfc062723c751e8b465ee728b)
Start importing Assets/Prefabs/Prototype/Obstacles/OneLaneHigh.prefab using Guid(f1e4e84d52c09b4489308816f90d5288) Importer(815301076,1909f56bfc062723c751e8b465ee728b)  -> (artifact id: '78eb7487c03259da6961ec49cb3ed701') in 0.199485 seconds
  Import took 0.205166 seconds .

========================================================================
Received Prepare
Registering precompiled user dll's ...
Registered in 0.004299 seconds.
Begin MonoManager ReloadAssembly
Native extension for WindowsStandalone target not found
Refreshing native plugins compatible for Editor in 0.50 ms, found 2 plugins.
Preloading 0 native plugins for Editor in 0.00 ms.
Mono: successfully reloaded assembly
- Completed reload, in  0.995 seconds
Platform modules already initialized, skipping
Switching build target platform(19) subTarget(0) extendedPlatform(0) -> platform(13) subTarget(537395200) extendedPlatform(0)
Shader 'Universal Render Pipeline/Particles/Lit': fallback shader 'Universal Render Pipeline/Particles/SimpleLit' not found
Refreshing native plugins compatible for Editor in 0.57 ms, found 2 plugins.
Preloading 0 native plugins for Editor in 0.00 ms.
Unloading 2709 Unused Serialized files (Serialized files now loaded: 0)
System memory in use before: 126.3 MB.
System memory in use after: 126.2 MB.

Unloading 22 unused Assets to reduce memory usage. Loaded Objects now: 3544.
Total: 2.936300 ms (FindLiveObjects: 0.302900 ms CreateObjectMapping: 0.132700 ms MarkObjects: 2.325300 ms  DeleteObjects: 0.173800 ms)

AssetImportParameters requested are different than current active one (requested -> active):
  custom:graphics/normal-map-encoding: 01000000000000000000000000000000 -> 02000000000000000000000000000000
========================================================================
Received Import Request.
  Time since last request: 212.324793 seconds.
  path: Assets/Prefabs/Prototype/Platforms/Easy/Easy_4.prefab
  artifactKey: Guid(d2767938a64125f45b3f9f958a8101fc) Importer(815301076,1909f56bfc062723c751e8b465ee728b)
Start importing Assets/Prefabs/Prototype/Platforms/Easy/Easy_4.prefab using Guid(d2767938a64125f45b3f9f958a8101fc) Importer(815301076,1909f56bfc062723c751e8b465ee728b)  -> (artifact id: 'c1917c3eb0bbdc435fdfa0af397014ef') in 0.237485 seconds
  Import took 0.242765 seconds .

========================================================================
Received Prepare
Registering precompiled user dll's ...
Registered in 0.005012 seconds.
Begin MonoManager ReloadAssembly
Native extension for WindowsStandalone target not found
Refreshing native plugins compatible for Editor in 0.52 ms, found 2 plugins.
Preloading 0 native plugins for Editor in 0.00 ms.
Mono: successfully reloaded assembly
- Completed reload, in  1.005 seconds
Platform modules already initialized, skipping
Switching build target platform(19) subTarget(0) extendedPlatform(0) -> platform(13) subTarget(537395200) extendedPlatform(0)
Shader 'Universal Render Pipeline/Particles/Lit': fallback shader 'Universal Render Pipeline/Particles/SimpleLit' not found
Refreshing native plugins compatible for Editor in 0.49 ms, found 2 plugins.
Preloading 0 native plugins for Editor in 0.00 ms.
Unloading 2709 Unused Serialized files (Serialized files now loaded: 0)
System memory in use before: 126.4 MB.
System memory in use after: 126.3 MB.

Unloading 22 unused Assets to reduce memory usage. Loaded Objects now: 3583.
Total: 2.639000 ms (FindLiveObjects: 0.258700 ms CreateObjectMapping: 0.117000 ms MarkObjects: 2.105700 ms  DeleteObjects: 0.156900 ms)

AssetImportParameters requested are different than current active one (requested -> active):
  custom:graphics/normal-map-encoding: 01000000000000000000000000000000 -> 02000000000000000000000000000000
========================================================================
Received Import Request.
  Time since last request: 16.248398 seconds.
  path: Assets/Prefabs/Prototype/Platforms/Easy/Easy_4.prefab
  artifactKey: Guid(d2767938a64125f45b3f9f958a8101fc) Importer(815301076,1909f56bfc062723c751e8b465ee728b)
Start importing Assets/Prefabs/Prototype/Platforms/Easy/Easy_4.prefab using Guid(d2767938a64125f45b3f9f958a8101fc) Importer(815301076,1909f56bfc062723c751e8b465ee728b)  -> (artifact id: '1153514e5e7151f34b9308499bce8af7') in 0.270697 seconds
  Import took 0.275568 seconds .

========================================================================
Received Import Request.
  Time since last request: 89.397706 seconds.
  path: Assets/Prefabs/Prototype/Platforms/Easy/Easy_4.prefab
  artifactKey: Guid(d2767938a64125f45b3f9f958a8101fc) Importer(815301076,1909f56bfc062723c751e8b465ee728b)
Start importing Assets/Prefabs/Prototype/Platforms/Easy/Easy_4.prefab using Guid(d2767938a64125f45b3f9f958a8101fc) Importer(815301076,1909f56bfc062723c751e8b465ee728b)  -> (artifact id: 'b5fe828f0a74b8ffeaf5ccf2923038e4') in 0.102154 seconds
  Import took 0.106716 seconds .

========================================================================
Received Prepare
Registering precompiled user dll's ...
Registered in 0.004555 seconds.
Begin MonoManager ReloadAssembly
Native extension for WindowsStandalone target not found
Refreshing native plugins compatible for Editor in 0.49 ms, found 2 plugins.
Preloading 0 native plugins for Editor in 0.00 ms.
Mono: successfully reloaded assembly
- Completed reload, in  0.981 seconds
Platform modules already initialized, skipping
Switching build target platform(19) subTarget(0) extendedPlatform(0) -> platform(13) subTarget(537395200) extendedPlatform(0)
Shader 'Universal Render Pipeline/Particles/Lit': fallback shader 'Universal Render Pipeline/Particles/SimpleLit' not found
Refreshing native plugins compatible for Editor in 0.50 ms, found 2 plugins.
Preloading 0 native plugins for Editor in 0.00 ms.
Unloading 2709 Unused Serialized files (Serialized files now loaded: 0)
System memory in use before: 126.6 MB.
System memory in use after: 126.5 MB.

Unloading 22 unused Assets to reduce memory usage. Loaded Objects now: 3622.
Total: 2.639200 ms (FindLiveObjects: 0.257600 ms CreateObjectMapping: 0.111100 ms MarkObjects: 2.117200 ms  DeleteObjects: 0.152500 ms)

AssetImportParameters requested are different than current active one (requested -> active):
  custom:graphics/normal-map-encoding: 01000000000000000000000000000000 -> 02000000000000000000000000000000
========================================================================
Received Import Request.
  Time since last request: 49.204105 seconds.
  path: Assets/Prefabs/Prototype/Platforms/Easy/Easy_4.prefab
  artifactKey: Guid(d2767938a64125f45b3f9f958a8101fc) Importer(815301076,1909f56bfc062723c751e8b465ee728b)
Start importing Assets/Prefabs/Prototype/Platforms/Easy/Easy_4.prefab using Guid(d2767938a64125f45b3f9f958a8101fc) Importer(815301076,1909f56bfc062723c751e8b465ee728b)  -> (artifact id: '22e28372a136c2f7fddd95bd96a01ce5') in 0.214986 seconds
  Import took 0.219728 seconds .

========================================================================
Received Prepare
Registering precompiled user dll's ...
Registered in 0.004423 seconds.
Begin MonoManager ReloadAssembly
Native extension for WindowsStandalone target not found
Refreshing native plugins compatible for Editor in 0.51 ms, found 2 plugins.
Preloading 0 native plugins for Editor in 0.00 ms.
Mono: successfully reloaded assembly
- Completed reload, in  0.997 seconds
Platform modules already initialized, skipping
Switching build target platform(19) subTarget(0) extendedPlatform(0) -> platform(13) subTarget(537395200) extendedPlatform(0)
Shader 'Universal Render Pipeline/Particles/Lit': fallback shader 'Universal Render Pipeline/Particles/SimpleLit' not found
Refreshing native plugins compatible for Editor in 0.52 ms, found 2 plugins.
Preloading 0 native plugins for Editor in 0.00 ms.
Unloading 2709 Unused Serialized files (Serialized files now loaded: 0)
System memory in use before: 126.7 MB.
System memory in use after: 126.6 MB.

Unloading 22 unused Assets to reduce memory usage. Loaded Objects now: 3661.
Total: 2.793900 ms (FindLiveObjects: 0.310700 ms CreateObjectMapping: 0.116500 ms MarkObjects: 2.179200 ms  DeleteObjects: 0.186600 ms)

AssetImportParameters requested are different than current active one (requested -> active):
  custom:graphics/normal-map-encoding: 01000000000000000000000000000000 -> 02000000000000000000000000000000
========================================================================
Received Import Request.
  Time since last request: 95.619046 seconds.
  path: Assets/Prefabs/Prototype/Platforms/Easy/Easy_4.prefab
  artifactKey: Guid(d2767938a64125f45b3f9f958a8101fc) Importer(815301076,1909f56bfc062723c751e8b465ee728b)
Start importing Assets/Prefabs/Prototype/Platforms/Easy/Easy_4.prefab using Guid(d2767938a64125f45b3f9f958a8101fc) Importer(815301076,1909f56bfc062723c751e8b465ee728b)  -> (artifact id: 'c4364341ddd3c20e7255a49dc1086c33') in 0.215232 seconds
  Import took 0.220366 seconds .

========================================================================
Received Prepare
Registering precompiled user dll's ...
Registered in 0.005193 seconds.
Begin MonoManager ReloadAssembly
Native extension for WindowsStandalone target not found
Refreshing native plugins compatible for Editor in 0.50 ms, found 2 plugins.
Preloading 0 native plugins for Editor in 0.00 ms.
Mono: successfully reloaded assembly
- Completed reload, in  1.009 seconds
Platform modules already initialized, skipping
Switching build target platform(19) subTarget(0) extendedPlatform(0) -> platform(13) subTarget(537395200) extendedPlatform(0)
Shader 'Universal Render Pipeline/Particles/Lit': fallback shader 'Universal Render Pipeline/Particles/SimpleLit' not found
Refreshing native plugins compatible for Editor in 0.51 ms, found 2 plugins.
Preloading 0 native plugins for Editor in 0.00 ms.
Unloading 2709 Unused Serialized files (Serialized files now loaded: 0)
System memory in use before: 126.9 MB.
System memory in use after: 126.8 MB.

Unloading 22 unused Assets to reduce memory usage. Loaded Objects now: 3700.
Total: 2.647800 ms (FindLiveObjects: 0.271700 ms CreateObjectMapping: 0.118000 ms MarkObjects: 2.097300 ms  DeleteObjects: 0.160000 ms)

AssetImportParameters requested are different than current active one (requested -> active):
  custom:graphics/normal-map-encoding: 01000000000000000000000000000000 -> 02000000000000000000000000000000
========================================================================
Received Import Request.
  Time since last request: 64.552281 seconds.
  path: Assets/Scripts/Collectables/Coin/PathItemGeneratorStraightLineCoin.cs
  artifactKey: Guid(ed127eb230a93a942b436fd85e73dd98) Importer(815301076,1909f56bfc062723c751e8b465ee728b)
Start importing Assets/Scripts/Collectables/Coin/PathItemGeneratorStraightLineCoin.cs using Guid(ed127eb230a93a942b436fd85e73dd98) Importer(815301076,1909f56bfc062723c751e8b465ee728b)  -> (artifact id: '7ada4af08b9293e8dba33e0b46f238d3') in 0.030623 seconds
  Import took 0.034930 seconds .

========================================================================
Received Import Request.
  Time since last request: 0.001023 seconds.
  path: Assets/Scripts/Collectables/Coin/PathItemGeneratorStraightLineCoin.cs
  artifactKey: Guid(ed127eb230a93a942b436fd85e73dd98) Importer(815301076,1909f56bfc062723c751e8b465ee728b)
Start importing Assets/Scripts/Collectables/Coin/PathItemGeneratorStraightLineCoin.cs using Guid(ed127eb230a93a942b436fd85e73dd98) Importer(815301076,1909f56bfc062723c751e8b465ee728b)  -> (artifact id: '7ada4af08b9293e8dba33e0b46f238d3') in 0.003508 seconds
  Import took 0.007947 seconds .

========================================================================
Received Prepare
Registering precompiled user dll's ...
Registered in 0.004456 seconds.
Begin MonoManager ReloadAssembly
Native extension for WindowsStandalone target not found
Refreshing native plugins compatible for Editor in 0.56 ms, found 2 plugins.
Preloading 0 native plugins for Editor in 0.00 ms.
Mono: successfully reloaded assembly
- Completed reload, in  1.035 seconds
Platform modules already initialized, skipping
Switching build target platform(19) subTarget(0) extendedPlatform(0) -> platform(13) subTarget(537395200) extendedPlatform(0)
Shader 'Universal Render Pipeline/Particles/Lit': fallback shader 'Universal Render Pipeline/Particles/SimpleLit' not found
Refreshing native plugins compatible for Editor in 0.50 ms, found 2 plugins.
Preloading 0 native plugins for Editor in 0.00 ms.
Unloading 2709 Unused Serialized files (Serialized files now loaded: 0)
System memory in use before: 126.9 MB.
System memory in use after: 126.8 MB.

Unloading 22 unused Assets to reduce memory usage. Loaded Objects now: 3703.
Total: 2.805100 ms (FindLiveObjects: 0.265300 ms CreateObjectMapping: 0.112300 ms MarkObjects: 2.268200 ms  DeleteObjects: 0.158200 ms)

AssetImportParameters requested are different than current active one (requested -> active):
  custom:graphics/normal-map-encoding: 01000000000000000000000000000000 -> 02000000000000000000000000000000
========================================================================
Received Import Request.
  Time since last request: 70.507629 seconds.
  path: Assets/Scripts/Collectables/Coin/PathItemGeneratorStraightLineCoin.cs
  artifactKey: Guid(ed127eb230a93a942b436fd85e73dd98) Importer(815301076,1909f56bfc062723c751e8b465ee728b)
Start importing Assets/Scripts/Collectables/Coin/PathItemGeneratorStraightLineCoin.cs using Guid(ed127eb230a93a942b436fd85e73dd98) Importer(815301076,1909f56bfc062723c751e8b465ee728b)  -> (artifact id: '1d382244c62fd0f5fd529a2bea83b3f3') in 0.006340 seconds
  Import took 0.011028 seconds .

========================================================================
Received Prepare
Registering precompiled user dll's ...
Registered in 0.005582 seconds.
Begin MonoManager ReloadAssembly
Native extension for WindowsStandalone target not found
Refreshing native plugins compatible for Editor in 0.51 ms, found 2 plugins.
Preloading 0 native plugins for Editor in 0.00 ms.
Mono: successfully reloaded assembly
- Completed reload, in  1.074 seconds
Platform modules already initialized, skipping
Switching build target platform(19) subTarget(0) extendedPlatform(0) -> platform(13) subTarget(537395200) extendedPlatform(0)
Shader 'Universal Render Pipeline/Particles/Lit': fallback shader 'Universal Render Pipeline/Particles/SimpleLit' not found
Refreshing native plugins compatible for Editor in 0.52 ms, found 2 plugins.
Preloading 0 native plugins for Editor in 0.00 ms.
Unloading 2709 Unused Serialized files (Serialized files now loaded: 0)
System memory in use before: 126.9 MB.
System memory in use after: 126.8 MB.

Unloading 22 unused Assets to reduce memory usage. Loaded Objects now: 3706.
Total: 2.748000 ms (FindLiveObjects: 0.268800 ms CreateObjectMapping: 0.112000 ms MarkObjects: 2.212000 ms  DeleteObjects: 0.154300 ms)

AssetImportParameters requested are different than current active one (requested -> active):
  custom:graphics/normal-map-encoding: 01000000000000000000000000000000 -> 02000000000000000000000000000000
========================================================================
Received Import Request.
  Time since last request: 128.871499 seconds.
  path: Assets/Scripts/Collectables/Coin/PathItemGeneratorStraightLineCoin.cs
  artifactKey: Guid(ed127eb230a93a942b436fd85e73dd98) Importer(815301076,1909f56bfc062723c751e8b465ee728b)
Start importing Assets/Scripts/Collectables/Coin/PathItemGeneratorStraightLineCoin.cs using Guid(ed127eb230a93a942b436fd85e73dd98) Importer(815301076,1909f56bfc062723c751e8b465ee728b)  -> (artifact id: '076fa00dd285a30fda6337c518e30ee5') in 0.006050 seconds
  Import took 0.010170 seconds .

========================================================================
Received Import Request.
  Time since last request: 10.952462 seconds.
  path: Assets/Prefabs/Prototype/Platforms/Easy/Easy_4.prefab
  artifactKey: Guid(d2767938a64125f45b3f9f958a8101fc) Importer(815301076,1909f56bfc062723c751e8b465ee728b)
Start importing Assets/Prefabs/Prototype/Platforms/Easy/Easy_4.prefab using Guid(d2767938a64125f45b3f9f958a8101fc) Importer(815301076,1909f56bfc062723c751e8b465ee728b)  -> (artifact id: '2de23aba371ee67cf887845f70da8620') in 0.246172 seconds
  Import took 0.250937 seconds .

========================================================================
Received Prepare
Registering precompiled user dll's ...
Registered in 0.004816 seconds.
Begin MonoManager ReloadAssembly
Native extension for WindowsStandalone target not found
Refreshing native plugins compatible for Editor in 0.64 ms, found 2 plugins.
Preloading 0 native plugins for Editor in 0.00 ms.
Mono: successfully reloaded assembly
- Completed reload, in  1.085 seconds
Platform modules already initialized, skipping
Switching build target platform(19) subTarget(0) extendedPlatform(0) -> platform(13) subTarget(537395200) extendedPlatform(0)
Shader 'Universal Render Pipeline/Particles/Lit': fallback shader 'Universal Render Pipeline/Particles/SimpleLit' not found
Refreshing native plugins compatible for Editor in 0.51 ms, found 2 plugins.
Preloading 0 native plugins for Editor in 0.00 ms.
Unloading 2709 Unused Serialized files (Serialized files now loaded: 0)
System memory in use before: 127.0 MB.
System memory in use after: 126.9 MB.

Unloading 22 unused Assets to reduce memory usage. Loaded Objects now: 3745.
Total: 2.729400 ms (FindLiveObjects: 0.264900 ms CreateObjectMapping: 0.105500 ms MarkObjects: 2.199000 ms  DeleteObjects: 0.159100 ms)

AssetImportParameters requested are different than current active one (requested -> active):
  custom:graphics/normal-map-encoding: 01000000000000000000000000000000 -> 02000000000000000000000000000000
========================================================================
Received Import Request.
  Time since last request: 90.895231 seconds.
  path: Assets/Prefabs/Prototype/Platforms/Easy/Easy_4.prefab
  artifactKey: Guid(d2767938a64125f45b3f9f958a8101fc) Importer(815301076,1909f56bfc062723c751e8b465ee728b)
Start importing Assets/Prefabs/Prototype/Platforms/Easy/Easy_4.prefab using Guid(d2767938a64125f45b3f9f958a8101fc) Importer(815301076,1909f56bfc062723c751e8b465ee728b)  -> (artifact id: 'a0a85094059988abe40b0bfde9cdcc82') in 0.241802 seconds
  Import took 0.247098 seconds .

========================================================================
Received Prepare
Registering precompiled user dll's ...
Registered in 0.004632 seconds.
Begin MonoManager ReloadAssembly
Native extension for WindowsStandalone target not found
Refreshing native plugins compatible for Editor in 0.51 ms, found 2 plugins.
Preloading 0 native plugins for Editor in 0.00 ms.
Mono: successfully reloaded assembly
- Completed reload, in  1.059 seconds
Platform modules already initialized, skipping
Switching build target platform(19) subTarget(0) extendedPlatform(0) -> platform(13) subTarget(537395200) extendedPlatform(0)
Shader 'Universal Render Pipeline/Particles/Lit': fallback shader 'Universal Render Pipeline/Particles/SimpleLit' not found
Refreshing native plugins compatible for Editor in 0.64 ms, found 2 plugins.
Preloading 0 native plugins for Editor in 0.00 ms.
Unloading 2709 Unused Serialized files (Serialized files now loaded: 0)
System memory in use before: 127.2 MB.
System memory in use after: 127.1 MB.

Unloading 22 unused Assets to reduce memory usage. Loaded Objects now: 3784.
Total: 2.884600 ms (FindLiveObjects: 0.316600 ms CreateObjectMapping: 0.128900 ms MarkObjects: 2.269400 ms  DeleteObjects: 0.168400 ms)

AssetImportParameters requested are different than current active one (requested -> active):
  custom:graphics/normal-map-encoding: 01000000000000000000000000000000 -> 02000000000000000000000000000000
========================================================================
Received Prepare
Registering precompiled user dll's ...
Registered in 0.009903 seconds.
Begin MonoManager ReloadAssembly
Native extension for WindowsStandalone target not found
Refreshing native plugins compatible for Editor in 0.51 ms, found 2 plugins.
Preloading 0 native plugins for Editor in 0.00 ms.
Mono: successfully reloaded assembly
- Completed reload, in  1.034 seconds
Platform modules already initialized, skipping
Switching build target platform(19) subTarget(0) extendedPlatform(0) -> platform(13) subTarget(537395200) extendedPlatform(0)
Shader 'Universal Render Pipeline/Particles/Lit': fallback shader 'Universal Render Pipeline/Particles/SimpleLit' not found
Refreshing native plugins compatible for Editor in 0.50 ms, found 2 plugins.
Preloading 0 native plugins for Editor in 0.00 ms.
Unloading 2709 Unused Serialized files (Serialized files now loaded: 0)
System memory in use before: 127.2 MB.
System memory in use after: 127.1 MB.

Unloading 22 unused Assets to reduce memory usage. Loaded Objects now: 3787.
Total: 3.505300 ms (FindLiveObjects: 0.276100 ms CreateObjectMapping: 0.314600 ms MarkObjects: 2.696000 ms  DeleteObjects: 0.217500 ms)

AssetImportParameters requested are different than current active one (requested -> active):
  custom:graphics/normal-map-encoding: 01000000000000000000000000000000 -> 02000000000000000000000000000000
========================================================================
Received Prepare
Registering precompiled user dll's ...
Registered in 0.004429 seconds.
Begin MonoManager ReloadAssembly
Native extension for WindowsStandalone target not found
Refreshing native plugins compatible for Editor in 0.52 ms, found 2 plugins.
Preloading 0 native plugins for Editor in 0.00 ms.
Mono: successfully reloaded assembly
- Completed reload, in  1.029 seconds
Platform modules already initialized, skipping
Switching build target platform(19) subTarget(0) extendedPlatform(0) -> platform(13) subTarget(537395200) extendedPlatform(0)
Shader 'Universal Render Pipeline/Particles/Lit': fallback shader 'Universal Render Pipeline/Particles/SimpleLit' not found
Refreshing native plugins compatible for Editor in 0.49 ms, found 2 plugins.
Preloading 0 native plugins for Editor in 0.00 ms.
Unloading 2709 Unused Serialized files (Serialized files now loaded: 0)
System memory in use before: 127.2 MB.
System memory in use after: 127.1 MB.

Unloading 22 unused Assets to reduce memory usage. Loaded Objects now: 3790.
Total: 3.390400 ms (FindLiveObjects: 0.268800 ms CreateObjectMapping: 0.106600 ms MarkObjects: 2.778800 ms  DeleteObjects: 0.235100 ms)

AssetImportParameters requested are different than current active one (requested -> active):
  custom:graphics/normal-map-encoding: 01000000000000000000000000000000 -> 02000000000000000000000000000000
========================================================================
Received Import Request.
  Time since last request: 149.538801 seconds.
  path: Assets/Scripts/Collectables/Coin/PathItemGeneratorStraightLineCoinSecond.cs
  artifactKey: Guid(dffdc72e83196224b92725a2f75396f5) Importer(815301076,1909f56bfc062723c751e8b465ee728b)
Start importing Assets/Scripts/Collectables/Coin/PathItemGeneratorStraightLineCoinSecond.cs using Guid(dffdc72e83196224b92725a2f75396f5) Importer(815301076,1909f56bfc062723c751e8b465ee728b)  -> (artifact id: '167685eed3efcc905681869e2e701ff7') in 0.009268 seconds
  Import took 0.013886 seconds .

========================================================================
Received Import Request.
  Time since last request: 0.005765 seconds.
  path: Assets/Scripts/Collectables/Coin/PathItemGeneratorStraightLineCoinSecond.cs
  artifactKey: Guid(dffdc72e83196224b92725a2f75396f5) Importer(815301076,1909f56bfc062723c751e8b465ee728b)
Start importing Assets/Scripts/Collectables/Coin/PathItemGeneratorStraightLineCoinSecond.cs using Guid(dffdc72e83196224b92725a2f75396f5) Importer(815301076,1909f56bfc062723c751e8b465ee728b)  -> (artifact id: '167685eed3efcc905681869e2e701ff7') in 0.003497 seconds
  Import took 0.008301 seconds .

========================================================================
Received Prepare
Registering precompiled user dll's ...
Registered in 0.004385 seconds.
Begin MonoManager ReloadAssembly
Native extension for WindowsStandalone target not found
Refreshing native plugins compatible for Editor in 0.51 ms, found 2 plugins.
Preloading 0 native plugins for Editor in 0.00 ms.
Mono: successfully reloaded assembly
- Completed reload, in  1.193 seconds
Platform modules already initialized, skipping
Switching build target platform(19) subTarget(0) extendedPlatform(0) -> platform(13) subTarget(537395200) extendedPlatform(0)
Shader 'Universal Render Pipeline/Particles/Lit': fallback shader 'Universal Render Pipeline/Particles/SimpleLit' not found
Refreshing native plugins compatible for Editor in 0.50 ms, found 2 plugins.
Preloading 0 native plugins for Editor in 0.00 ms.
Unloading 2710 Unused Serialized files (Serialized files now loaded: 0)
System memory in use before: 127.2 MB.
System memory in use after: 127.1 MB.

Unloading 22 unused Assets to reduce memory usage. Loaded Objects now: 3794.
Total: 3.063400 ms (FindLiveObjects: 0.555400 ms CreateObjectMapping: 0.144200 ms MarkObjects: 2.201000 ms  DeleteObjects: 0.161600 ms)

AssetImportParameters requested are different than current active one (requested -> active):
  custom:graphics/normal-map-encoding: 01000000000000000000000000000000 -> 02000000000000000000000000000000
========================================================================
Received Prepare
Registering precompiled user dll's ...
Registered in 0.004433 seconds.
Begin MonoManager ReloadAssembly
Native extension for WindowsStandalone target not found
Refreshing native plugins compatible for Editor in 0.50 ms, found 2 plugins.
Preloading 0 native plugins for Editor in 0.00 ms.
Mono: successfully reloaded assembly
- Completed reload, in  1.078 seconds
Platform modules already initialized, skipping
Switching build target platform(19) subTarget(0) extendedPlatform(0) -> platform(13) subTarget(537395200) extendedPlatform(0)
Shader 'Universal Render Pipeline/Particles/Lit': fallback shader 'Universal Render Pipeline/Particles/SimpleLit' not found
Refreshing native plugins compatible for Editor in 0.64 ms, found 2 plugins.
Preloading 0 native plugins for Editor in 0.00 ms.
Unloading 2710 Unused Serialized files (Serialized files now loaded: 0)
System memory in use before: 127.2 MB.
System memory in use after: 127.1 MB.

Unloading 22 unused Assets to reduce memory usage. Loaded Objects now: 3797.
Total: 3.198800 ms (FindLiveObjects: 0.383900 ms CreateObjectMapping: 0.137500 ms MarkObjects: 2.502700 ms  DeleteObjects: 0.173200 ms)

AssetImportParameters requested are different than current active one (requested -> active):
  custom:graphics/normal-map-encoding: 01000000000000000000000000000000 -> 02000000000000000000000000000000
========================================================================
Received Import Request.
  Time since last request: 90.692444 seconds.
  path: Assets/Scripts/Collectables/Coin/PathItemGeneratorStraightLineCoinSecond.cs
  artifactKey: Guid(dffdc72e83196224b92725a2f75396f5) Importer(815301076,1909f56bfc062723c751e8b465ee728b)
Start importing Assets/Scripts/Collectables/Coin/PathItemGeneratorStraightLineCoinSecond.cs using Guid(dffdc72e83196224b92725a2f75396f5) Importer(815301076,1909f56bfc062723c751e8b465ee728b)  -> (artifact id: 'daaed7b742b2c1ee2aa4b4662f97463c') in 0.010824 seconds
  Import took 0.015585 seconds .

========================================================================
Received Import Request.
  Time since last request: 9.648814 seconds.
  path: Assets/Prefabs/Prototype/Platforms/Easy/Easy_4.prefab
  artifactKey: Guid(d2767938a64125f45b3f9f958a8101fc) Importer(815301076,1909f56bfc062723c751e8b465ee728b)
Start importing Assets/Prefabs/Prototype/Platforms/Easy/Easy_4.prefab using Guid(d2767938a64125f45b3f9f958a8101fc) Importer(815301076,1909f56bfc062723c751e8b465ee728b)  -> (artifact id: '385353aa404c764c925b3fe4b3ac2c7d') in 0.252662 seconds
  Import took 0.257751 seconds .

========================================================================
Received Import Request.
  Time since last request: 63.456275 seconds.
  path: Assets/Prefabs/Prototype/Platforms/Easy/Easy_4.prefab
  artifactKey: Guid(d2767938a64125f45b3f9f958a8101fc) Importer(815301076,1909f56bfc062723c751e8b465ee728b)
Start importing Assets/Prefabs/Prototype/Platforms/Easy/Easy_4.prefab using Guid(d2767938a64125f45b3f9f958a8101fc) Importer(815301076,1909f56bfc062723c751e8b465ee728b)  -> (artifact id: '40d5e9cabd06e6a7ba0566f75e978099') in 0.083377 seconds
  Import took 0.088347 seconds .

========================================================================
Received Import Request.
  Time since last request: 0.005490 seconds.
  path: Assets/Prefabs/Prototype/Platforms/Easy/Easy_4.prefab
  artifactKey: Guid(d2767938a64125f45b3f9f958a8101fc) Importer(815301076,1909f56bfc062723c751e8b465ee728b)
Start importing Assets/Prefabs/Prototype/Platforms/Easy/Easy_4.prefab using Guid(d2767938a64125f45b3f9f958a8101fc) Importer(815301076,1909f56bfc062723c751e8b465ee728b)  -> (artifact id: '40d5e9cabd06e6a7ba0566f75e978099') in 0.081009 seconds
  Import took 0.086236 seconds .

========================================================================
Received Prepare
Registering precompiled user dll's ...
Registered in 0.004464 seconds.
Begin MonoManager ReloadAssembly
Native extension for WindowsStandalone target not found
Refreshing native plugins compatible for Editor in 0.50 ms, found 2 plugins.
Preloading 0 native plugins for Editor in 0.00 ms.
Mono: successfully reloaded assembly
- Completed reload, in  1.063 seconds
Platform modules already initialized, skipping
Switching build target platform(19) subTarget(0) extendedPlatform(0) -> platform(13) subTarget(537395200) extendedPlatform(0)
Shader 'Universal Render Pipeline/Particles/Lit': fallback shader 'Universal Render Pipeline/Particles/SimpleLit' not found
Refreshing native plugins compatible for Editor in 0.50 ms, found 2 plugins.
Preloading 0 native plugins for Editor in 0.00 ms.
Unloading 2710 Unused Serialized files (Serialized files now loaded: 0)
System memory in use before: 127.3 MB.
System memory in use after: 127.2 MB.

Unloading 22 unused Assets to reduce memory usage. Loaded Objects now: 3836.
Total: 2.842200 ms (FindLiveObjects: 0.283100 ms CreateObjectMapping: 0.115300 ms MarkObjects: 2.284200 ms  DeleteObjects: 0.158800 ms)

AssetImportParameters requested are different than current active one (requested -> active):
  custom:graphics/normal-map-encoding: 01000000000000000000000000000000 -> 02000000000000000000000000000000
========================================================================
Received Import Request.
  Time since last request: 134.749623 seconds.
  path: Assets/Scripts/Obstacles/PathItemGeneratorHighLowObstacle.cs
  artifactKey: Guid(3dbeb0f3e81a57c41ac542e3ec36f36a) Importer(815301076,1909f56bfc062723c751e8b465ee728b)
Start importing Assets/Scripts/Obstacles/PathItemGeneratorHighLowObstacle.cs using Guid(3dbeb0f3e81a57c41ac542e3ec36f36a) Importer(815301076,1909f56bfc062723c751e8b465ee728b)  -> (artifact id: 'c7ebf4bd31980d8111be567c6df3651c') in 0.007742 seconds
  Import took 0.013362 seconds .

========================================================================
Received Import Request.
  Time since last request: 0.015672 seconds.
  path: Assets/Scripts/Obstacles/PathItemGeneratorHighLowObstacle.cs
  artifactKey: Guid(3dbeb0f3e81a57c41ac542e3ec36f36a) Importer(815301076,1909f56bfc062723c751e8b465ee728b)
Start importing Assets/Scripts/Obstacles/PathItemGeneratorHighLowObstacle.cs using Guid(3dbeb0f3e81a57c41ac542e3ec36f36a) Importer(815301076,1909f56bfc062723c751e8b465ee728b)  -> (artifact id: 'c7ebf4bd31980d8111be567c6df3651c') in 0.006820 seconds
  Import took 0.012411 seconds .

========================================================================
Received Import Request.
  Time since last request: 39.491289 seconds.
  path: Assets/Scripts/Obstacles/SecondPathItemGeneratorHighLowObstacle.cs
  artifactKey: Guid(ba7daa4706a556042aba04c8af943dd6) Importer(815301076,1909f56bfc062723c751e8b465ee728b)
Start importing Assets/Scripts/Obstacles/SecondPathItemGeneratorHighLowObstacle.cs using Guid(ba7daa4706a556042aba04c8af943dd6) Importer(815301076,1909f56bfc062723c751e8b465ee728b)  -> (artifact id: 'ccd8ec0d923df75e935a01ab951253fc') in 0.005580 seconds
  Import took 0.010421 seconds .

========================================================================
Received Prepare
Registering precompiled user dll's ...
Registered in 0.004596 seconds.
Begin MonoManager ReloadAssembly
Native extension for WindowsStandalone target not found
Refreshing native plugins compatible for Editor in 0.52 ms, found 2 plugins.
Preloading 0 native plugins for Editor in 0.00 ms.
Mono: successfully reloaded assembly
- Completed reload, in  1.138 seconds
Platform modules already initialized, skipping
Switching build target platform(19) subTarget(0) extendedPlatform(0) -> platform(13) subTarget(537395200) extendedPlatform(0)
Shader 'Universal Render Pipeline/Particles/Lit': fallback shader 'Universal Render Pipeline/Particles/SimpleLit' not found
Refreshing native plugins compatible for Editor in 0.50 ms, found 2 plugins.
Preloading 0 native plugins for Editor in 0.00 ms.
Unloading 2711 Unused Serialized files (Serialized files now loaded: 0)
System memory in use before: 127.3 MB.
System memory in use after: 127.2 MB.

Unloading 22 unused Assets to reduce memory usage. Loaded Objects now: 3840.
Total: 3.667700 ms (FindLiveObjects: 0.320000 ms CreateObjectMapping: 0.175100 ms MarkObjects: 2.968300 ms  DeleteObjects: 0.203400 ms)

AssetImportParameters requested are different than current active one (requested -> active):
  custom:graphics/normal-map-encoding: 01000000000000000000000000000000 -> 02000000000000000000000000000000
========================================================================
Received Prepare
Registering precompiled user dll's ...
Registered in 0.004584 seconds.
Begin MonoManager ReloadAssembly
Native extension for WindowsStandalone target not found
Refreshing native plugins compatible for Editor in 0.50 ms, found 2 plugins.
Preloading 0 native plugins for Editor in 0.00 ms.
Mono: successfully reloaded assembly
- Completed reload, in  1.117 seconds
Platform modules already initialized, skipping
Switching build target platform(19) subTarget(0) extendedPlatform(0) -> platform(13) subTarget(537395200) extendedPlatform(0)
Shader 'Universal Render Pipeline/Particles/Lit': fallback shader 'Universal Render Pipeline/Particles/SimpleLit' not found
Refreshing native plugins compatible for Editor in 0.53 ms, found 2 plugins.
Preloading 0 native plugins for Editor in 0.00 ms.
Unloading 2711 Unused Serialized files (Serialized files now loaded: 0)
System memory in use before: 127.4 MB.
System memory in use after: 127.3 MB.

Unloading 22 unused Assets to reduce memory usage. Loaded Objects now: 3843.
Total: 3.121800 ms (FindLiveObjects: 0.316300 ms CreateObjectMapping: 0.121900 ms MarkObjects: 2.501500 ms  DeleteObjects: 0.180800 ms)

AssetImportParameters requested are different than current active one (requested -> active):
  custom:graphics/normal-map-encoding: 01000000000000000000000000000000 -> 02000000000000000000000000000000
========================================================================
Received Import Request.
  Time since last request: 102.975499 seconds.
  path: Assets/Scripts/Obstacles/ThirdPathItemGeneratorHighLowObstacle.cs
  artifactKey: Guid(01187546e2c6e2c4c8d2d858d440e111) Importer(815301076,1909f56bfc062723c751e8b465ee728b)
Start importing Assets/Scripts/Obstacles/ThirdPathItemGeneratorHighLowObstacle.cs using Guid(01187546e2c6e2c4c8d2d858d440e111) Importer(815301076,1909f56bfc062723c751e8b465ee728b)  -> (artifact id: '14734a1c0dcf2d9e6372900449a1845b') in 0.009903 seconds
  Import took 0.018564 seconds .

========================================================================
Received Import Request.
  Time since last request: 0.001374 seconds.
  path: Assets/Scripts/Obstacles/ThirdPathItemGeneratorHighLowObstacle.cs
  artifactKey: Guid(01187546e2c6e2c4c8d2d858d440e111) Importer(815301076,1909f56bfc062723c751e8b465ee728b)
Start importing Assets/Scripts/Obstacles/ThirdPathItemGeneratorHighLowObstacle.cs using Guid(01187546e2c6e2c4c8d2d858d440e111) Importer(815301076,1909f56bfc062723c751e8b465ee728b)  -> (artifact id: '14734a1c0dcf2d9e6372900449a1845b') in 0.011415 seconds
  Import took 0.018405 seconds .

========================================================================
Received Prepare
Registering precompiled user dll's ...
Registered in 0.004852 seconds.
Begin MonoManager ReloadAssembly
Native extension for WindowsStandalone target not found
Refreshing native plugins compatible for Editor in 0.50 ms, found 2 plugins.
Preloading 0 native plugins for Editor in 0.00 ms.
Mono: successfully reloaded assembly
- Completed reload, in  1.117 seconds
Platform modules already initialized, skipping
Switching build target platform(19) subTarget(0) extendedPlatform(0) -> platform(13) subTarget(537395200) extendedPlatform(0)
Shader 'Universal Render Pipeline/Particles/Lit': fallback shader 'Universal Render Pipeline/Particles/SimpleLit' not found
Refreshing native plugins compatible for Editor in 0.52 ms, found 2 plugins.
Preloading 0 native plugins for Editor in 0.00 ms.
Unloading 2712 Unused Serialized files (Serialized files now loaded: 0)
System memory in use before: 127.4 MB.
System memory in use after: 127.3 MB.

Unloading 22 unused Assets to reduce memory usage. Loaded Objects now: 3847.
Total: 2.804900 ms (FindLiveObjects: 0.286400 ms CreateObjectMapping: 0.111600 ms MarkObjects: 2.245800 ms  DeleteObjects: 0.160200 ms)

AssetImportParameters requested are different than current active one (requested -> active):
  custom:graphics/normal-map-encoding: 01000000000000000000000000000000 -> 02000000000000000000000000000000
========================================================================
Received Prepare
Registering precompiled user dll's ...
Registered in 0.005057 seconds.
Begin MonoManager ReloadAssembly
Native extension for WindowsStandalone target not found
Refreshing native plugins compatible for Editor in 0.54 ms, found 2 plugins.
Preloading 0 native plugins for Editor in 0.00 ms.
Mono: successfully reloaded assembly
- Completed reload, in  1.107 seconds
Platform modules already initialized, skipping
Switching build target platform(19) subTarget(0) extendedPlatform(0) -> platform(13) subTarget(537395200) extendedPlatform(0)
Shader 'Universal Render Pipeline/Particles/Lit': fallback shader 'Universal Render Pipeline/Particles/SimpleLit' not found
Refreshing native plugins compatible for Editor in 0.51 ms, found 2 plugins.
Preloading 0 native plugins for Editor in 0.00 ms.
Unloading 2712 Unused Serialized files (Serialized files now loaded: 0)
System memory in use before: 127.4 MB.
System memory in use after: 127.3 MB.

Unloading 22 unused Assets to reduce memory usage. Loaded Objects now: 3850.
Total: 2.914900 ms (FindLiveObjects: 0.282000 ms CreateObjectMapping: 0.109700 ms MarkObjects: 2.360500 ms  DeleteObjects: 0.161600 ms)

AssetImportParameters requested are different than current active one (requested -> active):
  custom:graphics/normal-map-encoding: 01000000000000000000000000000000 -> 02000000000000000000000000000000
========================================================================
Received Import Request.
  Time since last request: 93.837813 seconds.
  path: Assets/Prefabs/Prototype/Platforms/Easy/Easy_4.prefab
  artifactKey: Guid(d2767938a64125f45b3f9f958a8101fc) Importer(815301076,1909f56bfc062723c751e8b465ee728b)
Start importing Assets/Prefabs/Prototype/Platforms/Easy/Easy_4.prefab using Guid(d2767938a64125f45b3f9f958a8101fc) Importer(815301076,1909f56bfc062723c751e8b465ee728b)  -> (artifact id: '3e0b1b83de1fd24e52b7493a45000aa1') in 0.236919 seconds
  Import took 0.242118 seconds .

========================================================================
Received Prepare
Registering precompiled user dll's ...
Registered in 0.005051 seconds.
Begin MonoManager ReloadAssembly
Native extension for WindowsStandalone target not found
Refreshing native plugins compatible for Editor in 0.51 ms, found 2 plugins.
Preloading 0 native plugins for Editor in 0.00 ms.
Mono: successfully reloaded assembly
- Completed reload, in  1.070 seconds
Platform modules already initialized, skipping
Switching build target platform(19) subTarget(0) extendedPlatform(0) -> platform(13) subTarget(537395200) extendedPlatform(0)
Shader 'Universal Render Pipeline/Particles/Lit': fallback shader 'Universal Render Pipeline/Particles/SimpleLit' not found
Refreshing native plugins compatible for Editor in 0.50 ms, found 2 plugins.
Preloading 0 native plugins for Editor in 0.00 ms.
Unloading 2712 Unused Serialized files (Serialized files now loaded: 0)
System memory in use before: 127.5 MB.
System memory in use after: 127.4 MB.

Unloading 22 unused Assets to reduce memory usage. Loaded Objects now: 3889.
Total: 2.973800 ms (FindLiveObjects: 0.302800 ms CreateObjectMapping: 0.120600 ms MarkObjects: 2.391400 ms  DeleteObjects: 0.158000 ms)

AssetImportParameters requested are different than current active one (requested -> active):
  custom:graphics/normal-map-encoding: 01000000000000000000000000000000 -> 02000000000000000000000000000000
========================================================================
Received Prepare
Registering precompiled user dll's ...
Registered in 0.004448 seconds.
Begin MonoManager ReloadAssembly
Native extension for WindowsStandalone target not found
Refreshing native plugins compatible for Editor in 0.50 ms, found 2 plugins.
Preloading 0 native plugins for Editor in 0.00 ms.
Mono: successfully reloaded assembly
- Completed reload, in  1.090 seconds
Platform modules already initialized, skipping
Switching build target platform(19) subTarget(0) extendedPlatform(0) -> platform(13) subTarget(537395200) extendedPlatform(0)
Shader 'Universal Render Pipeline/Particles/Lit': fallback shader 'Universal Render Pipeline/Particles/SimpleLit' not found
Refreshing native plugins compatible for Editor in 0.50 ms, found 2 plugins.
Preloading 0 native plugins for Editor in 0.00 ms.
Unloading 2712 Unused Serialized files (Serialized files now loaded: 0)
System memory in use before: 127.5 MB.
System memory in use after: 127.4 MB.

Unloading 22 unused Assets to reduce memory usage. Loaded Objects now: 3892.
Total: 2.890500 ms (FindLiveObjects: 0.289200 ms CreateObjectMapping: 0.117100 ms MarkObjects: 2.281400 ms  DeleteObjects: 0.201900 ms)

AssetImportParameters requested are different than current active one (requested -> active):
  custom:graphics/normal-map-encoding: 01000000000000000000000000000000 -> 02000000000000000000000000000000
========================================================================
Received Import Request.
  Time since last request: 283.688478 seconds.
  path: Assets/Prefabs/Prototype/Platforms/Easy/Easy_4.prefab
  artifactKey: Guid(d2767938a64125f45b3f9f958a8101fc) Importer(815301076,1909f56bfc062723c751e8b465ee728b)
Start importing Assets/Prefabs/Prototype/Platforms/Easy/Easy_4.prefab using Guid(d2767938a64125f45b3f9f958a8101fc) Importer(815301076,1909f56bfc062723c751e8b465ee728b)  -> (artifact id: '7c696ff27040620524077c8382b43467') in 0.250133 seconds
  Import took 0.256051 seconds .

========================================================================
Received Prepare
Registering precompiled user dll's ...
Registered in 0.004428 seconds.
Begin MonoManager ReloadAssembly
Native extension for WindowsStandalone target not found
Refreshing native plugins compatible for Editor in 0.53 ms, found 2 plugins.
Preloading 0 native plugins for Editor in 0.00 ms.
Mono: successfully reloaded assembly
- Completed reload, in  1.106 seconds
Platform modules already initialized, skipping
Switching build target platform(19) subTarget(0) extendedPlatform(0) -> platform(13) subTarget(537395200) extendedPlatform(0)
Shader 'Universal Render Pipeline/Particles/Lit': fallback shader 'Universal Render Pipeline/Particles/SimpleLit' not found
Refreshing native plugins compatible for Editor in 0.52 ms, found 2 plugins.
Preloading 0 native plugins for Editor in 0.00 ms.
Unloading 2712 Unused Serialized files (Serialized files now loaded: 0)
System memory in use before: 127.7 MB.
System memory in use after: 127.6 MB.

Unloading 22 unused Assets to reduce memory usage. Loaded Objects now: 3931.
Total: 2.952200 ms (FindLiveObjects: 0.298900 ms CreateObjectMapping: 0.124400 ms MarkObjects: 2.367800 ms  DeleteObjects: 0.160200 ms)

AssetImportParameters requested are different than current active one (requested -> active):
  custom:graphics/normal-map-encoding: 01000000000000000000000000000000 -> 02000000000000000000000000000000
========================================================================
Received Import Request.
  Time since last request: 88.497254 seconds.
  path: Assets/Prefabs/Prototype/Platforms/Easy/Easy_4.prefab
  artifactKey: Guid(d2767938a64125f45b3f9f958a8101fc) Importer(815301076,1909f56bfc062723c751e8b465ee728b)
Start importing Assets/Prefabs/Prototype/Platforms/Easy/Easy_4.prefab using Guid(d2767938a64125f45b3f9f958a8101fc) Importer(815301076,1909f56bfc062723c751e8b465ee728b)  -> (artifact id: '902133468b82fb9d6c5b841adf615a44') in 0.262460 seconds
  Import took 0.267541 seconds .

========================================================================
Received Prepare
Registering precompiled user dll's ...
Registered in 0.004692 seconds.
Begin MonoManager ReloadAssembly
Native extension for WindowsStandalone target not found
Refreshing native plugins compatible for Editor in 0.53 ms, found 2 plugins.
Preloading 0 native plugins for Editor in 0.00 ms.
Mono: successfully reloaded assembly
- Completed reload, in  1.054 seconds
Platform modules already initialized, skipping
Switching build target platform(19) subTarget(0) extendedPlatform(0) -> platform(13) subTarget(537395200) extendedPlatform(0)
Shader 'Universal Render Pipeline/Particles/Lit': fallback shader 'Universal Render Pipeline/Particles/SimpleLit' not found
Refreshing native plugins compatible for Editor in 0.95 ms, found 2 plugins.
Preloading 0 native plugins for Editor in 0.00 ms.
Unloading 2712 Unused Serialized files (Serialized files now loaded: 0)
System memory in use before: 127.8 MB.
System memory in use after: 127.7 MB.

Unloading 22 unused Assets to reduce memory usage. Loaded Objects now: 3970.
Total: 3.161800 ms (FindLiveObjects: 0.407200 ms CreateObjectMapping: 0.135400 ms MarkObjects: 2.444900 ms  DeleteObjects: 0.172700 ms)

AssetImportParameters requested are different than current active one (requested -> active):
  custom:graphics/normal-map-encoding: 01000000000000000000000000000000 -> 02000000000000000000000000000000
========================================================================
Received Prepare
Registering precompiled user dll's ...
Registered in 0.004686 seconds.
Begin MonoManager ReloadAssembly
Native extension for WindowsStandalone target not found
Refreshing native plugins compatible for Editor in 0.51 ms, found 2 plugins.
Preloading 0 native plugins for Editor in 0.00 ms.
Mono: successfully reloaded assembly
- Completed reload, in  1.113 seconds
Platform modules already initialized, skipping
Switching build target platform(19) subTarget(0) extendedPlatform(0) -> platform(13) subTarget(537395200) extendedPlatform(0)
Shader 'Universal Render Pipeline/Particles/Lit': fallback shader 'Universal Render Pipeline/Particles/SimpleLit' not found
Refreshing native plugins compatible for Editor in 0.49 ms, found 2 plugins.
Preloading 0 native plugins for Editor in 0.00 ms.
Unloading 2712 Unused Serialized files (Serialized files now loaded: 0)
System memory in use before: 127.8 MB.
System memory in use after: 127.7 MB.

Unloading 22 unused Assets to reduce memory usage. Loaded Objects now: 3973.
Total: 3.092200 ms (FindLiveObjects: 0.292700 ms CreateObjectMapping: 0.116400 ms MarkObjects: 2.518700 ms  DeleteObjects: 0.163600 ms)

AssetImportParameters requested are different than current active one (requested -> active):
  custom:graphics/normal-map-encoding: 01000000000000000000000000000000 -> 02000000000000000000000000000000
========================================================================
Received Prepare
Registering precompiled user dll's ...
Registered in 0.005146 seconds.
Begin MonoManager ReloadAssembly
Native extension for WindowsStandalone target not found
Refreshing native plugins compatible for Editor in 0.51 ms, found 2 plugins.
Preloading 0 native plugins for Editor in 0.00 ms.
Mono: successfully reloaded assembly
- Completed reload, in  1.091 seconds
Platform modules already initialized, skipping
Switching build target platform(19) subTarget(0) extendedPlatform(0) -> platform(13) subTarget(537395200) extendedPlatform(0)
Shader 'Universal Render Pipeline/Particles/Lit': fallback shader 'Universal Render Pipeline/Particles/SimpleLit' not found
Refreshing native plugins compatible for Editor in 0.50 ms, found 2 plugins.
Preloading 0 native plugins for Editor in 0.00 ms.
Unloading 2712 Unused Serialized files (Serialized files now loaded: 0)
System memory in use before: 127.8 MB.
System memory in use after: 127.7 MB.

Unloading 22 unused Assets to reduce memory usage. Loaded Objects now: 3976.
Total: 2.862400 ms (FindLiveObjects: 0.300900 ms CreateObjectMapping: 0.117300 ms MarkObjects: 2.283600 ms  DeleteObjects: 0.159800 ms)

AssetImportParameters requested are different than current active one (requested -> active):
  custom:graphics/normal-map-encoding: 01000000000000000000000000000000 -> 02000000000000000000000000000000
========================================================================
Received Import Request.
  Time since last request: 395.398826 seconds.
  path: Assets/Prefabs/Prototype/Platforms/Easy/Easy_5.prefab
  artifactKey: Guid(3d1ff918b44cf444ba4bcc2530395d3f) Importer(815301076,1909f56bfc062723c751e8b465ee728b)
Start importing Assets/Prefabs/Prototype/Platforms/Easy/Easy_5.prefab using Guid(3d1ff918b44cf444ba4bcc2530395d3f) Importer(815301076,1909f56bfc062723c751e8b465ee728b)  -> (artifact id: '8a274394cb523d5021bf0cae32ad2bb6') in 0.245537 seconds
  Import took 0.250838 seconds .

========================================================================
Received Prepare
Registering precompiled user dll's ...
Registered in 0.004778 seconds.
Begin MonoManager ReloadAssembly
Native extension for WindowsStandalone target not found
Refreshing native plugins compatible for Editor in 0.61 ms, found 2 plugins.
Preloading 0 native plugins for Editor in 0.00 ms.
Mono: successfully reloaded assembly
- Completed reload, in  1.166 seconds
Platform modules already initialized, skipping
Switching build target platform(19) subTarget(0) extendedPlatform(0) -> platform(13) subTarget(537395200) extendedPlatform(0)
Shader 'Universal Render Pipeline/Particles/Lit': fallback shader 'Universal Render Pipeline/Particles/SimpleLit' not found
Refreshing native plugins compatible for Editor in 0.54 ms, found 2 plugins.
Preloading 0 native plugins for Editor in 0.00 ms.
Unloading 2712 Unused Serialized files (Serialized files now loaded: 0)
System memory in use before: 127.9 MB.
System memory in use after: 127.9 MB.

Unloading 22 unused Assets to reduce memory usage. Loaded Objects now: 4015.
Total: 3.120000 ms (FindLiveObjects: 0.357600 ms CreateObjectMapping: 0.139200 ms MarkObjects: 2.432200 ms  DeleteObjects: 0.189700 ms)

AssetImportParameters requested are different than current active one (requested -> active):
  custom:graphics/normal-map-encoding: 01000000000000000000000000000000 -> 02000000000000000000000000000000
========================================================================
Received Import Request.
  Time since last request: 129.370098 seconds.
  path: Assets/Prefabs/Prototype/Platforms/Components/SecondLowHighSpawnPoints.prefab
  artifactKey: Guid(8033bebf955c9494b9995ceea0dde056) Importer(815301076,1909f56bfc062723c751e8b465ee728b)
Start importing Assets/Prefabs/Prototype/Platforms/Components/SecondLowHighSpawnPoints.prefab using Guid(8033bebf955c9494b9995ceea0dde056) Importer(815301076,1909f56bfc062723c751e8b465ee728b)  -> (artifact id: '34b7c383cc9f09c46851d36110b4dc92') in 0.024101 seconds
  Import took 0.028720 seconds .

========================================================================
Received Import Request.
  Time since last request: 0.705345 seconds.
  path: Assets/Prefabs/Prototype/Platforms/Components/Second Straight Coin Spawn Points.prefab
  artifactKey: Guid(1bea7f255c3c2e140ae36ef4a2f2550a) Importer(815301076,1909f56bfc062723c751e8b465ee728b)
Start importing Assets/Prefabs/Prototype/Platforms/Components/Second Straight Coin Spawn Points.prefab using Guid(1bea7f255c3c2e140ae36ef4a2f2550a) Importer(815301076,1909f56bfc062723c751e8b465ee728b)  -> (artifact id: 'deccbc2690e53a1985bfbbcc74bfe8e9') in 0.005782 seconds
  Import took 0.010409 seconds .

========================================================================
Received Import Request.
  Time since last request: 2.242932 seconds.
  path: Assets/Prefabs/Prototype/Platforms/Components/ThirdLowHighSpawnPoints.prefab
  artifactKey: Guid(df1dde43bc2a21445b5e9385f966fc78) Importer(815301076,1909f56bfc062723c751e8b465ee728b)
Start importing Assets/Prefabs/Prototype/Platforms/Components/ThirdLowHighSpawnPoints.prefab using Guid(df1dde43bc2a21445b5e9385f966fc78) Importer(815301076,1909f56bfc062723c751e8b465ee728b)  -> (artifact id: 'c877f9832aadc44d552fb845801a53a3') in 0.005197 seconds
  Import took 0.009796 seconds .

========================================================================
Received Import Request.
  Time since last request: 0.008008 seconds.
  path: Assets/Prefabs/Prototype/Platforms/Components/ThirdLowHighSpawnPoints.prefab
  artifactKey: Guid(df1dde43bc2a21445b5e9385f966fc78) Importer(815301076,1909f56bfc062723c751e8b465ee728b)
Start importing Assets/Prefabs/Prototype/Platforms/Components/ThirdLowHighSpawnPoints.prefab using Guid(df1dde43bc2a21445b5e9385f966fc78) Importer(815301076,1909f56bfc062723c751e8b465ee728b)  -> (artifact id: 'c877f9832aadc44d552fb845801a53a3') in 0.005079 seconds
  Import took 0.009606 seconds .

========================================================================
Received Import Request.
  Time since last request: 2.842412 seconds.
  path: Assets/Prefabs/Prototype/Platforms/Components/Single Lane low_high Spawn Points.prefab
  artifactKey: Guid(1c4204b572317ad44a5df967515ba998) Importer(815301076,1909f56bfc062723c751e8b465ee728b)
Start importing Assets/Prefabs/Prototype/Platforms/Components/Single Lane low_high Spawn Points.prefab using Guid(1c4204b572317ad44a5df967515ba998) Importer(815301076,1909f56bfc062723c751e8b465ee728b)  -> (artifact id: '457b60abf30da666ab2eeeb9a9bca666') in 0.005795 seconds
  Import took 0.010314 seconds .

========================================================================
Received Import Request.
  Time since last request: 0.006523 seconds.
  path: Assets/Prefabs/Prototype/Platforms/Components/Single Lane low_high Spawn Points.prefab
  artifactKey: Guid(1c4204b572317ad44a5df967515ba998) Importer(815301076,1909f56bfc062723c751e8b465ee728b)
Start importing Assets/Prefabs/Prototype/Platforms/Components/Single Lane low_high Spawn Points.prefab using Guid(1c4204b572317ad44a5df967515ba998) Importer(815301076,1909f56bfc062723c751e8b465ee728b)  -> (artifact id: '457b60abf30da666ab2eeeb9a9bca666') in 0.005025 seconds
  Import took 0.009995 seconds .

========================================================================
Received Import Request.
  Time since last request: 2.910727 seconds.
  path: Assets/Prefabs/Prototype/Platforms/Components/Straight Coin Spawn Points.prefab
  artifactKey: Guid(14633ec1962168e4881973598380220f) Importer(815301076,1909f56bfc062723c751e8b465ee728b)
Start importing Assets/Prefabs/Prototype/Platforms/Components/Straight Coin Spawn Points.prefab using Guid(14633ec1962168e4881973598380220f) Importer(815301076,1909f56bfc062723c751e8b465ee728b)  -> (artifact id: 'a6ca1995b8091300a23c05b5f839f0c9') in 0.005127 seconds
  Import took 0.009559 seconds .

========================================================================
Received Import Request.
  Time since last request: 374.322060 seconds.
  path: Assets/Prefabs/Prototype/Platforms/Easy/Easy_3.prefab
  artifactKey: Guid(a10e8cc01ae764748b417315b34ba819) Importer(815301076,1909f56bfc062723c751e8b465ee728b)
Start importing Assets/Prefabs/Prototype/Platforms/Easy/Easy_3.prefab using Guid(a10e8cc01ae764748b417315b34ba819) Importer(815301076,1909f56bfc062723c751e8b465ee728b)  -> (artifact id: 'e21ba074243b5f1f2a47b627f880a669') in 0.180058 seconds
  Import took 0.185663 seconds .

========================================================================
Received Prepare
Registering precompiled user dll's ...
Registered in 0.004600 seconds.
Begin MonoManager ReloadAssembly
Native extension for WindowsStandalone target not found
Refreshing native plugins compatible for Editor in 0.52 ms, found 2 plugins.
Preloading 0 native plugins for Editor in 0.00 ms.
Mono: successfully reloaded assembly
- Completed reload, in  1.113 seconds
Platform modules already initialized, skipping
Switching build target platform(19) subTarget(0) extendedPlatform(0) -> platform(13) subTarget(537395200) extendedPlatform(0)
Shader 'Universal Render Pipeline/Particles/Lit': fallback shader 'Universal Render Pipeline/Particles/SimpleLit' not found
Refreshing native plugins compatible for Editor in 0.51 ms, found 2 plugins.
Preloading 0 native plugins for Editor in 0.00 ms.
Unloading 2712 Unused Serialized files (Serialized files now loaded: 0)
System memory in use before: 128.2 MB.
System memory in use after: 128.1 MB.

Unloading 22 unused Assets to reduce memory usage. Loaded Objects now: 4054.
Total: 3.007800 ms (FindLiveObjects: 0.318700 ms CreateObjectMapping: 0.125500 ms MarkObjects: 2.401600 ms  DeleteObjects: 0.161100 ms)

AssetImportParameters requested are different than current active one (requested -> active):
  custom:graphics/normal-map-encoding: 01000000000000000000000000000000 -> 02000000000000000000000000000000
========================================================================
Received Prepare
Registering precompiled user dll's ...
Registered in 0.004376 seconds.
Begin MonoManager ReloadAssembly
Native extension for WindowsStandalone target not found
Refreshing native plugins compatible for Editor in 0.50 ms, found 2 plugins.
Preloading 0 native plugins for Editor in 0.00 ms.
Mono: successfully reloaded assembly
- Completed reload, in  1.081 seconds
Platform modules already initialized, skipping
Switching build target platform(19) subTarget(0) extendedPlatform(0) -> platform(13) subTarget(537395200) extendedPlatform(0)
Shader 'Universal Render Pipeline/Particles/Lit': fallback shader 'Universal Render Pipeline/Particles/SimpleLit' not found
Refreshing native plugins compatible for Editor in 0.51 ms, found 2 plugins.
Preloading 0 native plugins for Editor in 0.00 ms.
Unloading 2712 Unused Serialized files (Serialized files now loaded: 0)
System memory in use before: 128.2 MB.
System memory in use after: 128.1 MB.

Unloading 22 unused Assets to reduce memory usage. Loaded Objects now: 4057.
Total: 3.197100 ms (FindLiveObjects: 0.292100 ms CreateObjectMapping: 0.109100 ms MarkObjects: 2.586400 ms  DeleteObjects: 0.208400 ms)

AssetImportParameters requested are different than current active one (requested -> active):
  custom:graphics/normal-map-encoding: 01000000000000000000000000000000 -> 02000000000000000000000000000000
========================================================================
Received Import Request.
  Time since last request: 48.223851 seconds.
  path: Assets/Prefabs/Prototype/Platforms/Easy/Easy_1.prefab
  artifactKey: Guid(15dacfb2be6278b4daed58ad6cccca84) Importer(815301076,1909f56bfc062723c751e8b465ee728b)
Start importing Assets/Prefabs/Prototype/Platforms/Easy/Easy_1.prefab using Guid(15dacfb2be6278b4daed58ad6cccca84) Importer(815301076,1909f56bfc062723c751e8b465ee728b)  -> (artifact id: '6324ecf42bdb6f13d3067e24286e090c') in 0.191505 seconds
  Import took 0.196327 seconds .

========================================================================
Received Import Request.
  Time since last request: 9.111864 seconds.
  path: Assets/Prefabs/Prototype/Platforms/Easy/Easy_2.prefab
  artifactKey: Guid(ba4b6a2030f92ad4d92f2945e0d98a8c) Importer(815301076,1909f56bfc062723c751e8b465ee728b)
Start importing Assets/Prefabs/Prototype/Platforms/Easy/Easy_2.prefab using Guid(ba4b6a2030f92ad4d92f2945e0d98a8c) Importer(815301076,1909f56bfc062723c751e8b465ee728b)  -> (artifact id: '499a4a7be6b8e38a0fec550ddf07bed7') in 0.081927 seconds
  Import took 0.086521 seconds .

========================================================================
Received Import Request.
  Time since last request: 4.811429 seconds.
  path: Assets/Prefabs/Prototype/Platforms/Easy/Easy_3.prefab
  artifactKey: Guid(a10e8cc01ae764748b417315b34ba819) Importer(815301076,1909f56bfc062723c751e8b465ee728b)
Start importing Assets/Prefabs/Prototype/Platforms/Easy/Easy_3.prefab using Guid(a10e8cc01ae764748b417315b34ba819) Importer(815301076,1909f56bfc062723c751e8b465ee728b)  -> (artifact id: 'e0b92e2802519f3747325c2b398fdb83') in 0.021129 seconds
  Import took 0.026162 seconds .

========================================================================
Received Import Request.
  Time since last request: 0.003047 seconds.
  path: Assets/Prefabs/Prototype/Platforms/Easy/Easy_3.prefab
  artifactKey: Guid(a10e8cc01ae764748b417315b34ba819) Importer(815301076,1909f56bfc062723c751e8b465ee728b)
Start importing Assets/Prefabs/Prototype/Platforms/Easy/Easy_3.prefab using Guid(a10e8cc01ae764748b417315b34ba819) Importer(815301076,1909f56bfc062723c751e8b465ee728b)  -> (artifact id: 'e0b92e2802519f3747325c2b398fdb83') in 0.019035 seconds
  Import took 0.024384 seconds .

========================================================================
Received Import Request.
  Time since last request: 1.802355 seconds.
  path: Assets/Prefabs/Prototype/Platforms/Easy/Easy_4.prefab
  artifactKey: Guid(d2767938a64125f45b3f9f958a8101fc) Importer(815301076,1909f56bfc062723c751e8b465ee728b)
Start importing Assets/Prefabs/Prototype/Platforms/Easy/Easy_4.prefab using Guid(d2767938a64125f45b3f9f958a8101fc) Importer(815301076,1909f56bfc062723c751e8b465ee728b)  -> (artifact id: 'e93cacee2ca221109ec5fac873efafe0') in 0.095075 seconds
  Import took 0.099889 seconds .

========================================================================
Received Import Request.
  Time since last request: 18.661691 seconds.
  path: Assets/Prefabs/Prototype/Platforms/Easy/Easy_1.prefab
  artifactKey: Guid(15dacfb2be6278b4daed58ad6cccca84) Importer(815301076,1909f56bfc062723c751e8b465ee728b)
Start importing Assets/Prefabs/Prototype/Platforms/Easy/Easy_1.prefab using Guid(15dacfb2be6278b4daed58ad6cccca84) Importer(815301076,1909f56bfc062723c751e8b465ee728b)  -> (artifact id: '9099fcc4ea396b2ca9ede63a50312fe9') in 0.018927 seconds
  Import took 0.023612 seconds .

========================================================================
Received Import Request.
  Time since last request: 0.037975 seconds.
  path: Assets/Prefabs/Prototype/Platforms/Easy/Easy_1.prefab
  artifactKey: Guid(15dacfb2be6278b4daed58ad6cccca84) Importer(815301076,1909f56bfc062723c751e8b465ee728b)
Start importing Assets/Prefabs/Prototype/Platforms/Easy/Easy_1.prefab using Guid(15dacfb2be6278b4daed58ad6cccca84) Importer(815301076,1909f56bfc062723c751e8b465ee728b)  -> (artifact id: '9099fcc4ea396b2ca9ede63a50312fe9') in 0.017892 seconds
  Import took 0.022357 seconds .

========================================================================
Received Prepare
Registering precompiled user dll's ...
Registered in 0.005891 seconds.
Begin MonoManager ReloadAssembly
Native extension for WindowsStandalone target not found
Refreshing native plugins compatible for Editor in 0.51 ms, found 2 plugins.
Preloading 0 native plugins for Editor in 0.00 ms.
Mono: successfully reloaded assembly
- Completed reload, in  1.305 seconds
Platform modules already initialized, skipping
Switching build target platform(19) subTarget(0) extendedPlatform(0) -> platform(13) subTarget(537395200) extendedPlatform(0)
Shader 'Universal Render Pipeline/Particles/Lit': fallback shader 'Universal Render Pipeline/Particles/SimpleLit' not found
Refreshing native plugins compatible for Editor in 0.71 ms, found 2 plugins.
Preloading 0 native plugins for Editor in 0.00 ms.
Unloading 2712 Unused Serialized files (Serialized files now loaded: 0)
System memory in use before: 128.3 MB.
System memory in use after: 128.2 MB.

Unloading 22 unused Assets to reduce memory usage. Loaded Objects now: 4096.
Total: 3.550000 ms (FindLiveObjects: 0.372200 ms CreateObjectMapping: 0.133500 ms MarkObjects: 2.859900 ms  DeleteObjects: 0.182700 ms)

AssetImportParameters requested are different than current active one (requested -> active):
  custom:graphics/normal-map-encoding: 01000000000000000000000000000000 -> 02000000000000000000000000000000
========================================================================
Received Prepare
Registering precompiled user dll's ...
Registered in 0.004440 seconds.
Begin MonoManager ReloadAssembly
Native extension for WindowsStandalone target not found
Refreshing native plugins compatible for Editor in 1.73 ms, found 2 plugins.
Preloading 0 native plugins for Editor in 0.00 ms.
Mono: successfully reloaded assembly
- Completed reload, in  1.128 seconds
Platform modules already initialized, skipping
Switching build target platform(19) subTarget(0) extendedPlatform(0) -> platform(13) subTarget(537395200) extendedPlatform(0)
Shader 'Universal Render Pipeline/Particles/Lit': fallback shader 'Universal Render Pipeline/Particles/SimpleLit' not found
Refreshing native plugins compatible for Editor in 0.50 ms, found 2 plugins.
Preloading 0 native plugins for Editor in 0.00 ms.
Unloading 2712 Unused Serialized files (Serialized files now loaded: 0)
System memory in use before: 128.3 MB.
System memory in use after: 128.3 MB.

Unloading 22 unused Assets to reduce memory usage. Loaded Objects now: 4099.
Total: 3.024400 ms (FindLiveObjects: 0.307900 ms CreateObjectMapping: 0.115900 ms MarkObjects: 2.437800 ms  DeleteObjects: 0.161800 ms)

AssetImportParameters requested are different than current active one (requested -> active):
  custom:graphics/normal-map-encoding: 01000000000000000000000000000000 -> 02000000000000000000000000000000
========================================================================
Received Prepare
Registering precompiled user dll's ...
Registered in 0.005202 seconds.
Begin MonoManager ReloadAssembly
Native extension for WindowsStandalone target not found
Refreshing native plugins compatible for Editor in 0.51 ms, found 2 plugins.
Preloading 0 native plugins for Editor in 0.00 ms.
Mono: successfully reloaded assembly
- Completed reload, in  1.107 seconds
Platform modules already initialized, skipping
Switching build target platform(19) subTarget(0) extendedPlatform(0) -> platform(13) subTarget(537395200) extendedPlatform(0)
Shader 'Universal Render Pipeline/Particles/Lit': fallback shader 'Universal Render Pipeline/Particles/SimpleLit' not found
Refreshing native plugins compatible for Editor in 0.69 ms, found 2 plugins.
Preloading 0 native plugins for Editor in 0.00 ms.
Unloading 2712 Unused Serialized files (Serialized files now loaded: 0)
System memory in use before: 128.4 MB.
System memory in use after: 128.3 MB.

Unloading 22 unused Assets to reduce memory usage. Loaded Objects now: 4102.
Total: 3.005300 ms (FindLiveObjects: 0.310700 ms CreateObjectMapping: 0.116900 ms MarkObjects: 2.415500 ms  DeleteObjects: 0.161400 ms)

AssetImportParameters requested are different than current active one (requested -> active):
  custom:graphics/normal-map-encoding: 01000000000000000000000000000000 -> 02000000000000000000000000000000
========================================================================
Received Prepare
Registering precompiled user dll's ...
Registered in 0.004913 seconds.
Begin MonoManager ReloadAssembly
Native extension for WindowsStandalone target not found
Refreshing native plugins compatible for Editor in 0.50 ms, found 2 plugins.
Preloading 0 native plugins for Editor in 0.00 ms.
Mono: successfully reloaded assembly
- Completed reload, in  1.087 seconds
Platform modules already initialized, skipping
Switching build target platform(19) subTarget(0) extendedPlatform(0) -> platform(13) subTarget(537395200) extendedPlatform(0)
Shader 'Universal Render Pipeline/Particles/Lit': fallback shader 'Universal Render Pipeline/Particles/SimpleLit' not found
Refreshing native plugins compatible for Editor in 0.52 ms, found 2 plugins.
Preloading 0 native plugins for Editor in 0.00 ms.
Unloading 2712 Unused Serialized files (Serialized files now loaded: 0)
System memory in use before: 128.4 MB.
System memory in use after: 128.3 MB.

Unloading 22 unused Assets to reduce memory usage. Loaded Objects now: 4105.
Total: 3.361800 ms (FindLiveObjects: 0.334900 ms CreateObjectMapping: 0.131200 ms MarkObjects: 2.723100 ms  DeleteObjects: 0.171400 ms)

AssetImportParameters requested are different than current active one (requested -> active):
  custom:graphics/normal-map-encoding: 01000000000000000000000000000000 -> 02000000000000000000000000000000
========================================================================
Received Prepare
Shader 'Universal Render Pipeline/Particles/Lit': fallback shader 'Universal Render Pipeline/Particles/SimpleLit' not found
Refreshing native plugins compatible for Editor in 3.57 ms, found 2 plugins.
Preloading 0 native plugins for Editor in 0.00 ms.
Unloading 20 Unused Serialized files (Serialized files now loaded: 0)
System memory in use before: 77.0 MB.
System memory in use after: 76.9 MB.

Unloading 20 unused Assets to reduce memory usage. Loaded Objects now: 4105.
Total: 3.166500 ms (FindLiveObjects: 0.341900 ms CreateObjectMapping: 0.127000 ms MarkObjects: 2.511400 ms  DeleteObjects: 0.185400 ms)

AssetImportWorkerClient::OnTransportError - code=2 error=End of file
